Downloader: aaa
Downloader: aaa
Downloader: aaa
Downloader: aaa
Downloader: aaa
Downloader: aaa
Downloader: aaa
Downloader: aaa
Downloader: aaa
Downloader: aaa
Downloader: aaa
Downloader: aaa
Downloader: aaa
Downloader: aaa
Downloader: aaa
Downloader: aaa
Downloader: aaa
Downloader: aaa
Downloader: aaa
Downloader: aaa
Downloader: aaa
Downloader: aaa
Downloader: aaa
Downloader: aaa
Downloader: aaa
Downloader: aaa
Downloader: aaa
Downloader: aaa
Downloader: aaa
Downloader: aaa
Downloader: aaa
Downloader: aaa
Downloader: aaa
Downloader: aaa
Downloader: aaa
Downloader: aaa
Downloader: aaa
Downloader: aaa
Downloader: aaa
Downloader: aaa
Downloader: aaa
Downloader: aaa
Downloader: aaa
Downloader: aaa
Downloader: 2023/03/22 15:45:35 aaa
Downloader: 2023/03/22 15:45:35 aaa
Downloader: 2023/03/22 15:45:35 aaa
Downloader: 2023/03/22 15:45:35 aaa
Downloader: 2023/03/22 15:45:35 aaa
Downloader: 2023/03/22 15:45:35 aaa
Downloader: 2023/03/22 15:45:35 aaa
Downloader: 2023/03/22 15:45:35 aaa
Downloader: 2023/03/22 15:45:35 aaa
Downloader: 2023/03/22 15:45:35 aaa
Downloader: 2023/03/22 15:45:35 aaa
Downloader: 2023/03/22 15:45:35 aaa
Downloader: 2023/03/22 15:45:35 aaa
Downloader: 2023/03/22 15:45:35 aaa
Downloader: 2023/03/22 15:45:35 aaa
Downloader: 2023/03/22 15:45:35 aaa
Downloader: 2023/03/22 15:45:35 aaa
Downloader: 2023/03/22 15:45:35 aaa
Downloader: 2023/03/22 15:45:35 aaa
Downloader: 2023/03/22 15:45:35 aaa
Downloader: 2023/03/22 15:45:35 aaa
Downloader: 2023/03/22 15:45:35 aaa
Downloader: 2023/03/22 15:45:35 aaa
Downloader: 2023/03/22 15:45:35 aaa
Downloader: 2023/03/22 15:45:35 aaa
Downloader: 2023/03/22 15:45:35 aaa
Downloader: 2023/03/22 15:45:35 aaa
Downloader: 2023/03/22 15:45:35 aaa
Downloader: 2023/03/22 15:45:35 aaa
Downloader: 2023/03/22 15:45:35 aaa
Downloader: 2023/03/22 15:45:35 aaa
Downloader: 2023/03/22 15:45:35 aaa
Downloader: 2023/03/22 15:45:38 aaa
Downloader: 2023/03/22 15:45:38 aaa
Downloader: 2023/03/22 15:45:38 aaa
Downloader: 2023/03/22 15:45:38 aaa
Downloader: 2023/03/22 15:45:38 aaa
Downloader: 2023/03/22 15:45:38 aaa
Downloader: 2023/03/22 15:46:28 aaa
Downloader: 2023/03/22 15:46:28 aaa
Downloader: 2023/03/22 15:46:28 aaa
Downloader: 2023/03/22 15:46:28 aaa
Downloader: 2023/03/22 15:46:28 aaa
Downloader: 2023/03/22 15:46:28 aaa
Downloader: 2023/03/22 15:46:28 aaa
Downloader: 2023/03/22 15:46:28 aaa
Downloader: 2023/03/22 15:46:28 aaa
Downloader: 2023/03/22 15:46:28 aaa
Downloader: 2023/03/22 15:46:28 aaa
Downloader: 2023/03/22 15:46:28 aaa
Downloader: 2023/03/22 15:46:28 aaa
Downloader: 2023/03/22 15:46:28 aaa
Downloader: 2023/03/22 15:46:28 aaa
Downloader: 2023/03/22 15:46:28 aaa
Downloader: 2023/03/22 15:46:28 aaa
Downloader: 2023/03/22 15:46:28 aaa
Downloader: 2023/03/22 15:46:28 aaa
Downloader: 2023/03/22 15:46:28 aaa
Downloader: 2023/03/22 15:46:28 aaa
Downloader: 2023/03/22 15:46:28 aaa
Downloader: 2023/03/22 15:46:28 aaa
Downloader: 2023/03/22 15:46:28 aaa
Downloader: 2023/03/22 15:46:28 aaa
Downloader: 2023/03/22 15:46:28 aaa
Downloader: 2023/03/22 15:46:28 aaa
Downloader: 2023/03/22 15:46:28 aaa
Downloader: 2023/03/22 15:46:28 aaa
Downloader: 2023/03/22 15:46:28 aaa
Downloader: 2023/03/22 15:46:28 aaa
Downloader: 2023/03/22 15:46:28 aaa
Downloader: 2023/03/22 15:46:33 aaa
Downloader: 2023/03/22 15:46:33 aaa
Downloader: 2023/03/22 15:46:33 aaa
Downloader: 2023/03/22 15:46:33 aaa
Downloader: 2023/03/22 15:46:33 aaa
Downloader: 2023/03/22 15:46:33 aaa
Downloader: 2023/03/22 15:46:34 aaa
Downloader: 2023/03/22 15:46:34 aaa
Downloader: 2023/03/22 15:46:34 aaa
Downloader: 2023/03/22 15:46:55 aaa
Downloader: 2023/03/22 15:46:55 aaa
Downloader: 2023/03/22 15:46:55 aaa
Downloader: 2023/03/22 15:46:55 aaa
Downloader: 2023/03/22 15:46:55 aaa
Downloader: 2023/03/22 15:46:55 aaa
Downloader: 2023/03/22 15:46:56 aaa
Downloader: 2023/03/22 15:46:56 aaa
Downloader: 2023/03/22 15:46:56 aaa
Downloader: 2023/03/22 15:47:16 log.go:41: aaa
Downloader: 2023/03/22 15:47:16 log.go:41: aaa
Downloader: 2023/03/22 15:47:16 log.go:41: aaa
Downloader: 2023/03/22 15:47:16 log.go:41: aaa
Downloader: 2023/03/22 15:47:16 log.go:41: aaa
Downloader: 2023/03/22 15:47:16 log.go:41: aaa
Downloader: 2023/03/22 15:47:16 log.go:41: aaa
Downloader: 2023/03/22 15:47:16 log.go:41: aaa
Downloader: 2023/03/22 15:47:16 log.go:41: aaa
Downloader: 2023/03/22 15:47:16 log.go:41: aaa
Downloader: 2023/03/22 15:47:16 log.go:41: aaa
Downloader: 2023/03/22 15:47:16 log.go:41: aaa
Downloader: 2023/03/22 15:47:16 log.go:41: aaa
Downloader: 2023/03/22 15:47:16 log.go:41: aaa
Downloader: 2023/03/22 15:47:16 log.go:41: aaa
Downloader: 2023/03/22 15:47:16 log.go:41: aaa
Downloader: 2023/03/22 15:47:16 log.go:41: aaa
Downloader: 2023/03/22 15:47:16 log.go:41: aaa
Downloader: 2023/03/22 15:47:16 log.go:41: aaa
Downloader: 2023/03/22 15:47:16 log.go:41: aaa
Downloader: 2023/03/22 15:47:16 log.go:41: aaa
Downloader: 2023/03/22 15:47:16 log.go:41: aaa
Downloader: 2023/03/22 15:47:16 log.go:41: aaa
Downloader: 2023/03/22 15:47:16 log.go:41: aaa
Downloader: 2023/03/22 15:47:16 log.go:41: aaa
Downloader: 2023/03/22 15:47:16 log.go:41: aaa
Downloader: 2023/03/22 15:47:16 log.go:41: aaa
Downloader: 2023/03/22 15:47:16 log.go:41: aaa
Downloader: 2023/03/22 15:47:16 log.go:41: aaa
Downloader: 2023/03/22 15:47:16 log.go:41: aaa
Downloader: 2023/03/22 15:47:16 log.go:41: aaa
Downloader: 2023/03/22 15:47:16 log.go:41: aaa
Downloader: 2023/03/22 15:47:17 log.go:41: aaa
Downloader: 2023/03/22 15:47:17 log.go:41: aaa
Downloader: 2023/03/22 15:47:17 log.go:41: aaa
Downloader: 2023/03/22 15:47:18 log.go:41: aaa
Downloader: 2023/03/22 15:47:18 log.go:41: aaa
Downloader: 2023/03/22 15:47:18 log.go:41: aaa
Downloader: 2023/03/22 15:47:18 log.go:41: aaa
Downloader: 2023/03/22 15:47:18 log.go:41: aaa
Downloader: 2023/03/22 15:47:18 log.go:41: aaa
Downloader: 2023/03/26 02:55:25 log.go:41: aaa
Downloader: 2023/03/26 02:55:25 log.go:41: aaa
Downloader: 2023/03/26 02:55:25 log.go:41: aaa
Downloader: 2023/03/26 02:55:25 log.go:41: aaa
Downloader: 2023/03/26 02:55:25 log.go:41: aaa
Downloader: 2023/03/26 02:55:25 log.go:41: aaa
Downloader: 2023/03/26 02:55:25 log.go:41: aaa
Downloader: 2023/03/26 02:55:25 log.go:41: aaa
Downloader: 2023/03/26 02:55:25 log.go:41: aaa
Downloader: 2023/03/26 02:55:25 log.go:41: aaa
Downloader: 2023/03/26 02:55:25 log.go:41: aaa
Downloader: 2023/03/26 02:55:25 log.go:41: aaa
Downloader: 2023/03/26 02:55:25 log.go:41: aaa
Downloader: 2023/03/26 02:55:25 log.go:41: aaa
Downloader: 2023/03/26 02:55:25 log.go:41: aaa
Downloader: 2023/03/26 02:55:25 log.go:41: aaa
Downloader: 2023/03/26 02:55:25 log.go:41: aaa
Downloader: 2023/03/26 02:55:25 log.go:41: aaa
Downloader: 2023/03/26 02:55:25 log.go:41: aaa
Downloader: 2023/03/26 02:55:25 log.go:41: aaa
Downloader: 2023/03/26 02:55:25 log.go:41: aaa
Downloader: 2023/03/26 02:55:25 log.go:41: aaa
Downloader: 2023/03/26 02:55:25 log.go:41: aaa
Downloader: 2023/03/26 02:55:25 log.go:41: aaa
Downloader: 2023/03/26 02:55:25 log.go:41: aaa
Downloader: 2023/03/26 02:55:25 log.go:41: aaa
Downloader: 2023/03/26 02:55:25 log.go:41: aaa
Downloader: 2023/03/26 02:55:25 log.go:41: aaa
Downloader: 2023/03/26 02:55:25 log.go:41: aaa
Downloader: 2023/03/26 02:55:25 log.go:41: aaa
Downloader: 2023/03/26 02:55:25 log.go:41: aaa
Downloader: 2023/03/26 02:55:25 log.go:41: aaa
Downloader: 2023/03/26 02:55:31 log.go:41: aaa
Downloader: 2023/03/26 02:55:31 log.go:41: aaa
Downloader: 2023/03/26 02:55:31 log.go:41: aaa
Downloader: 2023/03/26 02:55:31 log.go:41: aaa
Downloader: 2023/03/26 02:55:31 log.go:41: aaa
Downloader: 2023/03/26 02:55:31 log.go:41: aaa
Downloader: 2023/03/26 02:55:32 log.go:41: aaa
Downloader: 2023/03/26 02:55:32 log.go:41: aaa
Downloader: 2023/03/26 02:55:32 log.go:41: aaa
Downloader: 2023/03/26 02:57:27 log.go:41: aaa, %d 0
Downloader: 2023/03/26 02:57:27 log.go:41: aaa, %d 0
Downloader: 2023/03/26 02:57:27 log.go:41: aaa, %d 0
Downloader: 2023/03/26 02:57:27 log.go:41: aaa, %d 0
Downloader: 2023/03/26 02:57:27 log.go:41: aaa, %d 0
Downloader: 2023/03/26 02:57:27 log.go:41: aaa, %d 1
Downloader: 2023/03/26 02:57:27 log.go:41: aaa, %d 2
Downloader: 2023/03/26 02:57:27 log.go:41: aaa, %d 0
Downloader: 2023/03/26 02:57:27 log.go:41: aaa, %d 2
Downloader: 2023/03/26 02:57:27 log.go:41: aaa, %d 0
Downloader: 2023/03/26 02:57:27 log.go:41: aaa, %d 1
Downloader: 2023/03/26 02:57:27 log.go:41: aaa, %d 0
Downloader: 2023/03/26 02:57:27 log.go:41: aaa, %d 1
Downloader: 2023/03/26 02:57:27 log.go:41: aaa, %d 2
Downloader: 2023/03/26 02:57:27 log.go:41: aaa, %d 0
Downloader: 2023/03/26 02:57:27 log.go:41: aaa, %d 1
Downloader: 2023/03/26 02:57:27 log.go:41: aaa, %d 2
Downloader: 2023/03/26 02:57:27 log.go:41: aaa, %d 0
Downloader: 2023/03/26 02:57:27 log.go:41: aaa, %d 1
Downloader: 2023/03/26 02:57:27 log.go:41: aaa, %d 2
Downloader: 2023/03/26 02:57:27 log.go:41: aaa, %d 0
Downloader: 2023/03/26 02:57:27 log.go:41: aaa, %d 1
Downloader: 2023/03/26 02:57:27 log.go:41: aaa, %d 2
Downloader: 2023/03/26 02:57:27 log.go:41: aaa, %d 0
Downloader: 2023/03/26 02:57:27 log.go:41: aaa, %d 1
Downloader: 2023/03/26 02:57:27 log.go:41: aaa, %d 2
Downloader: 2023/03/26 02:57:27 log.go:41: aaa, %d 0
Downloader: 2023/03/26 02:57:27 log.go:41: aaa, %d 1
Downloader: 2023/03/26 02:57:27 log.go:41: aaa, %d 2
Downloader: 2023/03/26 02:57:27 log.go:41: aaa, %d 0
Downloader: 2023/03/26 02:57:27 log.go:41: aaa, %d 1
Downloader: 2023/03/26 02:57:27 log.go:41: aaa, %d 2
Downloader: 2023/03/26 02:57:40 log.go:41: aaa, %d 1
Downloader: 2023/03/26 02:57:40 log.go:41: aaa, %d 2
Downloader: 2023/03/26 02:57:40 log.go:41: aaa, %d 0
Downloader: 2023/03/26 02:57:41 log.go:41: aaa, %d 1
Downloader: 2023/03/26 02:57:41 log.go:41: aaa, %d 2
Downloader: 2023/03/26 02:57:41 log.go:41: aaa, %d 0
Downloader: 2023/03/26 02:57:42 log.go:41: aaa, %d 0
Downloader: 2023/03/26 02:57:42 log.go:41: aaa, %d 1
Downloader: 2023/03/26 02:57:42 log.go:41: aaa, %d 2
Downloader: 2023/03/26 02:57:43 log.go:41: aaa, %d 0
Downloader: 2023/03/26 02:57:43 log.go:41: aaa, %d 1
Downloader: 2023/03/26 02:57:43 log.go:41: aaa, %d 2
Downloader: 2023/03/26 02:57:45 log.go:41: aaa, %d 2
Downloader: 2023/03/26 02:57:45 log.go:41: aaa, %d 0
Downloader: 2023/03/26 02:57:45 log.go:41: aaa, %d 1
Downloader: 2023/03/26 02:57:47 log.go:41: aaa, %d 0
Downloader: 2023/03/26 02:57:47 log.go:41: aaa, %d 1
Downloader: 2023/03/26 02:57:47 log.go:41: aaa, %d 2
Downloader: 2023/03/26 02:57:48 log.go:41: aaa, %d 1
Downloader: 2023/03/26 02:57:48 log.go:41: aaa, %d 2
Downloader: 2023/03/26 02:57:48 log.go:41: aaa, %d 0
Downloader: 2023/03/26 02:57:50 log.go:41: aaa, %d 0
Downloader: 2023/03/26 02:57:50 log.go:41: aaa, %d 1
Downloader: 2023/03/26 02:57:50 log.go:41: aaa, %d 2
Downloader: 2023/03/26 02:58:09 log.go:41: aaa, %d 2
Downloader: 2023/03/26 02:58:09 log.go:41: aaa, %d 0
Downloader: 2023/03/26 02:58:09 log.go:41: aaa, %d 1
Downloader: 2023/03/26 02:58:10 log.go:41: aaa, %d 2
Downloader: 2023/03/26 02:58:10 log.go:41: aaa, %d 0
Downloader: 2023/03/26 02:58:10 log.go:41: aaa, %d 1
Downloader: 2023/03/26 02:58:11 log.go:41: aaa, %d 1
Downloader: 2023/03/26 02:58:11 log.go:41: aaa, %d 2
Downloader: 2023/03/26 02:58:11 log.go:41: aaa, %d 0
Downloader: 2023/03/26 02:58:13 log.go:41: aaa, %d 0
Downloader: 2023/03/26 02:58:13 log.go:41: aaa, %d 1
Downloader: 2023/03/26 02:58:13 log.go:41: aaa, %d 2
Downloader: 2023/03/26 02:58:15 log.go:41: aaa, %d 0
Downloader: 2023/03/26 02:58:15 log.go:41: aaa, %d 1
Downloader: 2023/03/26 02:58:15 log.go:41: aaa, %d 2
Downloader: 2023/03/26 03:04:37 log.go:41: aaa, %d 0
Downloader: 2023/03/26 03:04:37 log.go:41: aaa, %d 0
Downloader: 2023/03/26 03:04:37 log.go:41: aaa, %d 0
Downloader: 2023/03/26 03:04:37 log.go:41: aaa, %d 0
Downloader: 2023/03/26 03:04:37 log.go:41: aaa, %d 0
Downloader: 2023/03/26 03:04:37 log.go:41: aaa, %d 0
Downloader: 2023/03/26 03:04:37 log.go:41: aaa, %d 1
Downloader: 2023/03/26 03:04:37 log.go:41: aaa, %d 2
Downloader: 2023/03/26 03:04:37 log.go:41: aaa, %d 0
Downloader: 2023/03/26 03:04:37 log.go:41: aaa, %d 1
Downloader: 2023/03/26 03:04:37 log.go:41: aaa, %d 2
Downloader: 2023/03/26 03:04:37 log.go:41: aaa, %d 0
Downloader: 2023/03/26 03:04:37 log.go:41: aaa, %d 1
Downloader: 2023/03/26 03:04:37 log.go:41: aaa, %d 2
Downloader: 2023/03/26 03:04:37 log.go:41: aaa, %d 0
Downloader: 2023/03/26 03:04:37 log.go:41: aaa, %d 1
Downloader: 2023/03/26 03:04:37 log.go:41: aaa, %d 2
Downloader: 2023/03/26 03:04:37 log.go:41: aaa, %d 0
Downloader: 2023/03/26 03:04:37 log.go:41: aaa, %d 1
Downloader: 2023/03/26 03:04:37 log.go:41: aaa, %d 2
Downloader: 2023/03/26 03:04:37 log.go:41: aaa, %d 0
Downloader: 2023/03/26 03:04:37 log.go:41: aaa, %d 1
Downloader: 2023/03/26 03:04:37 log.go:41: aaa, %d 2
Downloader: 2023/03/26 03:04:37 log.go:41: aaa, %d 0
Downloader: 2023/03/26 03:04:37 log.go:41: aaa, %d 1
Downloader: 2023/03/26 03:04:37 log.go:41: aaa, %d 2
Downloader: 2023/03/26 03:04:37 log.go:41: aaa, %d 1
Downloader: 2023/03/26 03:04:37 log.go:41: aaa, %d 2
Downloader: 2023/03/26 03:04:37 log.go:41: aaa, %d 0
Downloader: 2023/03/26 03:04:37 log.go:41: aaa, %d 0
Downloader: 2023/03/26 03:04:37 log.go:41: aaa, %d 1
Downloader: 2023/03/26 03:04:37 log.go:41: aaa, %d 2
Downloader: 2023/03/26 03:04:42 log.go:41: aaa, %d 0
Downloader: 2023/03/26 03:04:42 log.go:41: aaa, %d 1
Downloader: 2023/03/26 03:04:42 log.go:41: aaa, %d 2
Downloader: 2023/03/26 03:04:42 log.go:41: OnSelected, %d 0
Downloader: 2023/03/26 03:04:45 log.go:41: aaa, %d 0
Downloader: 2023/03/26 03:04:45 log.go:41: aaa, %d 1
Downloader: 2023/03/26 03:04:45 log.go:41: aaa, %d 2
Downloader: 2023/03/26 03:04:45 log.go:41: OnSelected, %d 1
Downloader: 2023/03/26 03:04:46 log.go:41: aaa, %d 0
Downloader: 2023/03/26 03:04:46 log.go:41: aaa, %d 1
Downloader: 2023/03/26 03:04:46 log.go:41: aaa, %d 2
Downloader: 2023/03/26 03:04:46 log.go:41: OnSelected, %d 2
Downloader: 2023/03/26 14:42:12 log.go:41: aaa, %d 0
Downloader: 2023/03/26 14:42:12 log.go:41: aaa, %d 0
Downloader: 2023/03/26 14:42:12 log.go:41: aaa, %d 0
Downloader: 2023/03/26 14:42:12 log.go:41: aaa, %d 0
Downloader: 2023/03/26 14:44:59 log.go:41: aaa, %d 0
Downloader: 2023/03/26 14:44:59 log.go:41: aaa, %d 0
Downloader: 2023/03/26 14:44:59 log.go:41: aaa, %d 0
Downloader: 2023/03/26 14:44:59 log.go:41: aaa, %d 0
Downloader: 2023/03/26 14:46:34 log.go:41: aaa, %d 0
Downloader: 2023/03/26 14:46:34 log.go:41: aaa, %d 0
Downloader: 2023/03/26 14:46:34 log.go:41: aaa, %d 0
Downloader: 2023/03/26 14:46:34 log.go:41: aaa, %d 0
Downloader: 2023/03/26 14:50:55 log.go:41: aaa, %d 0
Downloader: 2023/03/26 14:50:55 log.go:41: aaa, %d 0
Downloader: 2023/03/26 14:50:55 log.go:41: aaa, %d 0
Downloader: 2023/03/26 14:50:55 log.go:41: aaa, %d 0
Downloader: 2023/03/26 14:51:25 log.go:41: aaa, %d 0
Downloader: 2023/03/26 14:51:25 log.go:41: aaa, %d 0
Downloader: 2023/03/26 14:51:25 log.go:41: aaa, %d 0
Downloader: 2023/03/26 14:51:25 log.go:41: aaa, %d 0
Downloader: 2023/03/26 14:52:58 log.go:41: aaa, %d 0
Downloader: 2023/03/26 14:52:58 log.go:41: aaa, %d 0
Downloader: 2023/03/26 14:52:58 log.go:41: aaa, %d 0
Downloader: 2023/03/26 14:52:58 log.go:41: aaa, %d 0
Downloader: 2023/03/26 14:52:58 log.go:41: aaa, %d 0
Downloader: 2023/03/26 14:52:58 log.go:41: aaa, %d 0
Downloader: 2023/03/26 14:52:58 log.go:41: aaa, %d 1
Downloader: 2023/03/26 14:52:58 log.go:41: aaa, %d 2
Downloader: 2023/03/26 14:52:58 log.go:41: aaa, %d 0
Downloader: 2023/03/26 14:52:58 log.go:41: aaa, %d 1
Downloader: 2023/03/26 14:52:58 log.go:41: aaa, %d 2
Downloader: 2023/03/26 14:52:58 log.go:41: aaa, %d 1
Downloader: 2023/03/26 14:52:58 log.go:41: aaa, %d 2
Downloader: 2023/03/26 14:52:58 log.go:41: aaa, %d 0
Downloader: 2023/03/26 14:52:58 log.go:41: aaa, %d 0
Downloader: 2023/03/26 14:52:58 log.go:41: aaa, %d 1
Downloader: 2023/03/26 14:52:58 log.go:41: aaa, %d 2
Downloader: 2023/03/26 14:52:58 log.go:41: aaa, %d 0
Downloader: 2023/03/26 14:52:58 log.go:41: aaa, %d 1
Downloader: 2023/03/26 14:52:58 log.go:41: aaa, %d 2
Downloader: 2023/03/26 14:52:58 log.go:41: aaa, %d 0
Downloader: 2023/03/26 14:52:58 log.go:41: aaa, %d 1
Downloader: 2023/03/26 14:52:58 log.go:41: aaa, %d 2
Downloader: 2023/03/26 14:52:58 log.go:41: aaa, %d 2
Downloader: 2023/03/26 14:52:58 log.go:41: aaa, %d 0
Downloader: 2023/03/26 14:52:58 log.go:41: aaa, %d 1
Downloader: 2023/03/26 14:52:58 log.go:41: aaa, %d 0
Downloader: 2023/03/26 14:52:58 log.go:41: aaa, %d 1
Downloader: 2023/03/26 14:52:58 log.go:41: aaa, %d 2
Downloader: 2023/03/26 14:52:58 log.go:41: aaa, %d 1
Downloader: 2023/03/26 14:52:58 log.go:41: aaa, %d 2
Downloader: 2023/03/26 14:52:58 log.go:41: aaa, %d 0
Downloader: 2023/03/26 14:53:40 log.go:41: aaa, %d 0
Downloader: 2023/03/26 14:53:40 log.go:41: aaa, %d 0
Downloader: 2023/03/26 14:53:40 log.go:41: aaa, %d 0
Downloader: 2023/03/26 14:53:40 log.go:41: aaa, %d 0
Downloader: 2023/03/26 14:54:13 log.go:41: aaa, %d 0
Downloader: 2023/03/26 14:54:13 log.go:41: aaa, %d 0
Downloader: 2023/03/26 14:54:13 log.go:41: aaa, %d 0
Downloader: 2023/03/26 14:54:13 log.go:41: aaa, %d 0
Downloader: 2023/03/26 14:57:42 log.go:41: aaa, %d 0
Downloader: 2023/03/26 14:57:42 log.go:41: aaa, %d 0
Downloader: 2023/03/26 14:57:42 log.go:41: aaa, %d 0
Downloader: 2023/03/26 14:57:42 log.go:41: aaa, %d 0
Downloader: 2023/03/26 14:59:03 log.go:41: aaa, %d 0
Downloader: 2023/03/26 14:59:03 log.go:41: aaa, %d 0
Downloader: 2023/03/26 14:59:03 log.go:41: aaa, %d 0
Downloader: 2023/03/26 14:59:03 log.go:41: aaa, %d 0
Downloader: 2023/03/26 14:59:03 log.go:41: aaa, %d 0
Downloader: 2023/03/26 14:59:03 log.go:41: aaa, %d 0
Downloader: 2023/03/26 14:59:03 log.go:41: aaa, %d 1
Downloader: 2023/03/26 14:59:03 log.go:41: aaa, %d 2
Downloader: 2023/03/26 14:59:03 log.go:41: aaa, %d 0
Downloader: 2023/03/26 14:59:03 log.go:41: aaa, %d 1
Downloader: 2023/03/26 14:59:03 log.go:41: aaa, %d 2
Downloader: 2023/03/26 14:59:03 log.go:41: aaa, %d 0
Downloader: 2023/03/26 14:59:03 log.go:41: aaa, %d 1
Downloader: 2023/03/26 14:59:03 log.go:41: aaa, %d 2
Downloader: 2023/03/26 14:59:03 log.go:41: aaa, %d 0
Downloader: 2023/03/26 14:59:03 log.go:41: aaa, %d 1
Downloader: 2023/03/26 14:59:03 log.go:41: aaa, %d 2
Downloader: 2023/03/26 14:59:03 log.go:41: aaa, %d 0
Downloader: 2023/03/26 14:59:03 log.go:41: aaa, %d 1
Downloader: 2023/03/26 14:59:03 log.go:41: aaa, %d 2
Downloader: 2023/03/26 14:59:03 log.go:41: aaa, %d 0
Downloader: 2023/03/26 14:59:03 log.go:41: aaa, %d 1
Downloader: 2023/03/26 14:59:03 log.go:41: aaa, %d 2
Downloader: 2023/03/26 14:59:03 log.go:41: aaa, %d 0
Downloader: 2023/03/26 14:59:03 log.go:41: aaa, %d 1
Downloader: 2023/03/26 14:59:03 log.go:41: aaa, %d 2
Downloader: 2023/03/26 14:59:03 log.go:41: aaa, %d 0
Downloader: 2023/03/26 14:59:03 log.go:41: aaa, %d 1
Downloader: 2023/03/26 14:59:03 log.go:41: aaa, %d 2
Downloader: 2023/03/26 14:59:03 log.go:41: aaa, %d 0
Downloader: 2023/03/26 14:59:03 log.go:41: aaa, %d 1
Downloader: 2023/03/26 14:59:03 log.go:41: aaa, %d 2
Downloader: 2023/03/26 14:59:58 log.go:41: aaa, %d 0
Downloader: 2023/03/26 14:59:58 log.go:41: aaa, %d 0
Downloader: 2023/03/26 14:59:58 log.go:41: aaa, %d 0
Downloader: 2023/03/26 14:59:58 log.go:41: aaa, %d 0
Downloader: 2023/03/26 14:59:58 log.go:41: aaa, %d 0
Downloader: 2023/03/26 14:59:58 log.go:41: aaa, %d 1
Downloader: 2023/03/26 14:59:58 log.go:41: aaa, %d 2
Downloader: 2023/03/26 14:59:58 log.go:41: aaa, %d 0
Downloader: 2023/03/26 14:59:58 log.go:41: aaa, %d 1
Downloader: 2023/03/26 14:59:58 log.go:41: aaa, %d 2
Downloader: 2023/03/26 14:59:58 log.go:41: aaa, %d 0
Downloader: 2023/03/26 14:59:58 log.go:41: aaa, %d 0
Downloader: 2023/03/26 14:59:58 log.go:41: aaa, %d 1
Downloader: 2023/03/26 14:59:58 log.go:41: aaa, %d 2
Downloader: 2023/03/26 14:59:58 log.go:41: aaa, %d 0
Downloader: 2023/03/26 14:59:58 log.go:41: aaa, %d 1
Downloader: 2023/03/26 14:59:58 log.go:41: aaa, %d 2
Downloader: 2023/03/26 14:59:58 log.go:41: aaa, %d 1
Downloader: 2023/03/26 14:59:58 log.go:41: aaa, %d 2
Downloader: 2023/03/26 14:59:58 log.go:41: aaa, %d 0
Downloader: 2023/03/26 14:59:58 log.go:41: aaa, %d 0
Downloader: 2023/03/26 14:59:58 log.go:41: aaa, %d 1
Downloader: 2023/03/26 14:59:58 log.go:41: aaa, %d 2
Downloader: 2023/03/26 14:59:58 log.go:41: aaa, %d 2
Downloader: 2023/03/26 14:59:58 log.go:41: aaa, %d 0
Downloader: 2023/03/26 14:59:58 log.go:41: aaa, %d 1
Downloader: 2023/03/26 14:59:58 log.go:41: aaa, %d 1
Downloader: 2023/03/26 14:59:58 log.go:41: aaa, %d 2
Downloader: 2023/03/26 14:59:58 log.go:41: aaa, %d 0
Downloader: 2023/03/26 14:59:58 log.go:41: aaa, %d 2
Downloader: 2023/03/26 14:59:58 log.go:41: aaa, %d 0
Downloader: 2023/03/26 14:59:58 log.go:41: aaa, %d 1
Downloader: 2023/03/26 15:00:18 log.go:41: aaa, %d 0
Downloader: 2023/03/26 15:00:18 log.go:41: aaa, %d 0
Downloader: 2023/03/26 15:00:18 log.go:41: aaa, %d 0
Downloader: 2023/03/26 15:00:18 log.go:41: aaa, %d 0
Downloader: 2023/03/26 15:13:38 log.go:41: aaa, %d 0
Downloader: 2023/03/26 15:13:38 log.go:41: aaa, %d 0
Downloader: 2023/03/26 15:13:38 log.go:41: aaa, %d 0
Downloader: 2023/03/26 15:13:38 log.go:41: aaa, %d 0
Downloader: 2023/03/26 15:13:38 log.go:41: aaa, %d 0
Downloader: 2023/03/26 15:13:38 log.go:41: aaa, %d 1
Downloader: 2023/03/26 15:13:38 log.go:41: aaa, %d 2
Downloader: 2023/03/26 15:13:38 log.go:41: aaa, %d 0
Downloader: 2023/03/26 15:13:38 log.go:41: aaa, %d 1
Downloader: 2023/03/26 15:13:38 log.go:41: aaa, %d 2
Downloader: 2023/03/26 15:13:38 log.go:41: aaa, %d 2
Downloader: 2023/03/26 15:13:38 log.go:41: aaa, %d 0
Downloader: 2023/03/26 15:13:38 log.go:41: aaa, %d 1
Downloader: 2023/03/26 15:13:38 log.go:41: aaa, %d 2
Downloader: 2023/03/26 15:13:38 log.go:41: aaa, %d 0
Downloader: 2023/03/26 15:13:38 log.go:41: aaa, %d 1
Downloader: 2023/03/26 15:13:38 log.go:41: aaa, %d 0
Downloader: 2023/03/26 15:13:38 log.go:41: aaa, %d 1
Downloader: 2023/03/26 15:13:38 log.go:41: aaa, %d 2
Downloader: 2023/03/26 15:13:38 log.go:41: aaa, %d 0
Downloader: 2023/03/26 15:13:38 log.go:41: aaa, %d 1
Downloader: 2023/03/26 15:13:38 log.go:41: aaa, %d 2
Downloader: 2023/03/26 15:13:38 log.go:41: aaa, %d 0
Downloader: 2023/03/26 15:13:38 log.go:41: aaa, %d 1
Downloader: 2023/03/26 15:13:38 log.go:41: aaa, %d 2
Downloader: 2023/03/26 15:13:38 log.go:41: aaa, %d 0
Downloader: 2023/03/26 15:13:38 log.go:41: aaa, %d 1
Downloader: 2023/03/26 15:13:38 log.go:41: aaa, %d 2
Downloader: 2023/03/26 15:13:38 log.go:41: aaa, %d 0
Downloader: 2023/03/26 15:13:38 log.go:41: aaa, %d 1
Downloader: 2023/03/26 15:13:38 log.go:41: aaa, %d 2
Downloader: 2023/03/26 15:13:38 log.go:41: aaa, %d 2
Downloader: 2023/03/26 15:13:38 log.go:41: aaa, %d 0
Downloader: 2023/03/26 15:13:38 log.go:41: aaa, %d 1
Downloader: 2023/03/26 15:13:38 log.go:41: aaa, %d 1
Downloader: 2023/03/26 15:13:38 log.go:41: aaa, %d 2
Downloader: 2023/03/26 15:13:38 log.go:41: aaa, %d 0
Downloader: 2023/03/26 15:13:38 log.go:41: aaa, %d 0
Downloader: 2023/03/26 15:13:38 log.go:41: aaa, %d 1
Downloader: 2023/03/26 15:13:38 log.go:41: aaa, %d 2
Downloader: 2023/03/26 15:14:30 log.go:41: aaa, %d 0
Downloader: 2023/03/26 15:14:30 log.go:41: aaa, %d 0
Downloader: 2023/03/26 15:14:30 log.go:41: aaa, %d 0
Downloader: 2023/03/26 15:14:30 log.go:41: aaa, %d 0
Downloader: 2023/03/26 15:14:30 log.go:41: aaa, %d 0
Downloader: 2023/03/26 15:14:30 log.go:41: aaa, %d 1
Downloader: 2023/03/26 15:14:30 log.go:41: aaa, %d 2
Downloader: 2023/03/26 15:14:30 log.go:41: aaa, %d 2
Downloader: 2023/03/26 15:14:30 log.go:41: aaa, %d 0
Downloader: 2023/03/26 15:14:30 log.go:41: aaa, %d 1
Downloader: 2023/03/26 15:14:30 log.go:41: aaa, %d 0
Downloader: 2023/03/26 15:14:30 log.go:41: aaa, %d 1
Downloader: 2023/03/26 15:14:30 log.go:41: aaa, %d 2
Downloader: 2023/03/26 15:14:30 log.go:41: aaa, %d 1
Downloader: 2023/03/26 15:14:30 log.go:41: aaa, %d 2
Downloader: 2023/03/26 15:14:30 log.go:41: aaa, %d 0
Downloader: 2023/03/26 15:14:30 log.go:41: aaa, %d 0
Downloader: 2023/03/26 15:14:30 log.go:41: aaa, %d 1
Downloader: 2023/03/26 15:14:30 log.go:41: aaa, %d 2
Downloader: 2023/03/26 15:14:30 log.go:41: aaa, %d 0
Downloader: 2023/03/26 15:14:30 log.go:41: aaa, %d 1
Downloader: 2023/03/26 15:14:30 log.go:41: aaa, %d 2
Downloader: 2023/03/26 15:14:30 log.go:41: aaa, %d 0
Downloader: 2023/03/26 15:14:30 log.go:41: aaa, %d 1
Downloader: 2023/03/26 15:14:30 log.go:41: aaa, %d 2
Downloader: 2023/03/26 15:14:30 log.go:41: aaa, %d 0
Downloader: 2023/03/26 15:14:30 log.go:41: aaa, %d 1
Downloader: 2023/03/26 15:14:30 log.go:41: aaa, %d 2
Downloader: 2023/03/26 15:14:30 log.go:41: aaa, %d 1
Downloader: 2023/03/26 15:14:30 log.go:41: aaa, %d 2
Downloader: 2023/03/26 15:14:30 log.go:41: aaa, %d 0
Downloader: 2023/03/26 15:14:30 log.go:41: aaa, %d 1
Downloader: 2023/03/26 15:14:30 log.go:41: aaa, %d 2
Downloader: 2023/03/26 15:14:30 log.go:41: aaa, %d 0
Downloader: 2023/03/26 15:14:30 log.go:41: aaa, %d 2
Downloader: 2023/03/26 15:14:30 log.go:41: aaa, %d 0
Downloader: 2023/03/26 15:14:30 log.go:41: aaa, %d 1
Downloader: 2023/03/26 15:14:30 log.go:41: aaa, %d 0
Downloader: 2023/03/26 15:14:30 log.go:41: aaa, %d 1
Downloader: 2023/03/26 15:14:30 log.go:41: aaa, %d 2
